0 info it worked if it ends with ok
1 verbose cli [ '/home/josh/.nvm/versions/node/v0.12.0/bin/node',
1 verbose cli   '/home/josh/.nvm/versions/node/v0.12.0/bin/npm',
1 verbose cli   'run',
1 verbose cli   'build' ]
2 info using npm@2.5.1
3 info using node@v0.12.0
4 verbose stack Error: ENOENT, open '/home/josh/tmp/CDN/package.json'
4 verbose stack     at Error (native)
5 verbose cwd /home/josh/tmp/CDN
6 error Linux 3.13.0-51-generic
7 error argv "/home/josh/.nvm/versions/node/v0.12.0/bin/node" "/home/josh/.nvm/versions/node/v0.12.0/bin/npm" "run" "build"
8 error node v0.12.0
9 error npm  v2.5.1
10 error path /home/josh/tmp/CDN/package.json
11 error code ENOENT
12 error errno -2
13 error enoent ENOENT, open '/home/josh/tmp/CDN/package.json'
13 error enoent This is most likely not a problem with npm itself
13 error enoent and is related to npm not being able to find a file.
14 verbose exit [ -2, true ]
